生成启动时间为 2017/10/15 17:37:50。
     1>项目“C:\Users\lenovo\Desktop\第六次作业\datamaking\datamaking\datamaking.vcxproj”在节点 2 上(build 个目标)。
     1>InitializeBuildStatus:
         正在创建“Debug\datamaking.unsuccessfulbuild”，因为已指定“AlwaysCreate”。
       ClCompile:
         所有输出均为最新。
         D:\VS 2010\VC\bin\CL.exe /c /ZI /nologo /W3 /WX- /Od /Oy- /D WIN32 /D _DEBUG /D _CONSOLE /D _UNICODE /D UNICODE /Gm /EHsc /RTC1 /MDd /GS /fp:precise /Zc:wchar_t /Zc:forScope /Fo"Debug\\" /Fd"Debug\vc100.pdb" /Gd /TP /analyze- /errorReport:prompt datamaking.cpp
         datamaking.cpp
     1>c:\users\lenovo\desktop\第六次作业\datamaking\datamaking\datamaking.cpp(320): warning C4996: 'fopen': This function or variable may be unsafe. Consider using fopen_s instead. To disable deprecation, use _CRT_SECURE_NO_WARNINGS. See online help for details.
                 d:\vs 2010\vc\include\stdio.h(234) : 参见“fopen”的声明
       ManifestResourceCompile:
         所有输出均为最新。
       Link:
         D:\VS 2010\VC\bin\link.exe /ERRORREPORT:PROMPT /OUT:"C:\Users\lenovo\Desktop\第六次作业\datamaking\Debug\datamaking.exe" /INCREMENTAL /NOLOGO kernel32.lib user32.lib gdi32.lib winspool.lib comdlg32.lib advapi32.lib shell32.lib ole32.lib oleaut32.lib uuid.lib odbc32.lib odbccp32.lib /MANIFEST /ManifestFile:"Debug\datamaking.exe.intermediate.manifest" /MANIFESTUAC:"level='asInvoker' uiAccess='false'" /DEBUG /PDB:"C:\Users\lenovo\Desktop\第六次作业\datamaking\Debug\datamaking.pdb" /SUBSYSTEM:CONSOLE /TLBID:1 /DYNAMICBASE /NXCOMPAT /IMPLIB:"C:\Users\lenovo\Desktop\第六次作业\datamaking\Debug\datamaking.lib" /MACHINE:X86 Debug\datamaking.exe.embed.manifest.res
         Debug\cJSON.obj
         Debug\datamaking.obj
            正在创建库 C:\Users\lenovo\Desktop\第六次作业\datamaking\Debug\datamaking.lib 和对象 C:\Users\lenovo\Desktop\第六次作业\datamaking\Debug\datamaking.exp
       Manifest:
         C:\Program Files (x86)\Microsoft SDKs\Windows\v7.0A\bin\mt.exe /nologo /verbose /out:"Debug\datamaking.exe.embed.manifest" /manifest Debug\datamaking.exe.intermediate.manifest
         所有输出均为最新。
       LinkEmbedManifest:
         所有输出均为最新。
         datamaking.vcxproj -> C:\Users\lenovo\Desktop\第六次作业\datamaking\Debug\datamaking.exe
       FinalizeBuildStatus:
         正在删除文件“Debug\datamaking.unsuccessfulbuild”。
         正在对“Debug\datamaking.lastbuildstate”执行 Touch 任务。
     1>已完成生成项目“C:\Users\lenovo\Desktop\第六次作业\datamaking\datamaking\datamaking.vcxproj”(build 个目标)的操作。

生成成功。

已用时间 00:00:06.52
